
> @syster42/core@0.0.1 format
> prettier --ignore-path .eslintignore --write "**/*.+(js|ts|json)"

package.json 33ms
src/application/application.ts 265ms
src/application/cluster.ts 37ms
src/application/index.ts 2ms
src/application/lifecycle.ts 16ms
src/application/runtime.ts 20ms
src/configuration/changeset.ts 4ms
src/configuration/config-builder.ts 7ms
src/configuration/config-provider.ts 11ms
src/configuration/config.ts 15ms
src/configuration/index.ts 1ms
src/configuration/util/configure.ts 22ms
src/configuration/util/index.ts 1ms
src/configuration/util/is-primitive.ts 4ms
src/decorators/hosted.ts 5ms
src/decorators/index.ts 2ms
src/decorators/inject.ts 5ms
src/decorators/injectable.ts 4ms
src/decorators/parent.ts 4ms
src/decorators/root.ts 3ms
src/decorators/singleton.ts 5ms
src/decorators/transient.ts 4ms
src/enums/changeset-type.ts 3ms
src/enums/index.ts 2ms
src/enums/injection-scope.ts 3ms
src/enums/log-level.ts 3ms
src/errors/index.ts 2ms
src/errors/ioc-error.ts 3ms
src/errors/state-machine-error.ts 3ms
src/fsm/fsm.ts 15ms
src/fsm/index.ts 1ms
src/helpers/index.ts 1ms
src/helpers/promise-throttle.ts 9ms
src/index.ts 2ms
src/interfaces/class-provider.ts 2ms
src/interfaces/config-source.ts 3ms
src/interfaces/console-config.ts 2ms
src/interfaces/container-options.ts 2ms
src/interfaces/container.ts 3ms
src/interfaces/factory-provider.ts 2ms
src/interfaces/file-config.ts 1ms
src/interfaces/hosted-scope.ts 1ms
src/interfaces/index.ts 2ms
src/interfaces/info.ts 2ms
src/interfaces/logger-config.ts 2ms
src/interfaces/provider.ts 2ms
src/interfaces/state.ts 4ms
src/interfaces/transport-config.ts 2ms
src/interfaces/value-provider.ts 2ms
src/interfaces/worker-data.ts 1ms
src/ioc/container.ts 25ms
src/ioc/helpers.ts 6ms
src/ioc/index.ts 1ms
src/ioc/injection-token.ts 2ms
src/ioc/tokens/index.ts 1ms
src/ioc/tokens/parent-container.ts 2ms
src/ioc/tokens/root-container.ts 2ms
src/logger/index.ts 1ms
src/logger/logger.ts 12ms
src/logger/transport.ts 6ms
src/logger/transports/console.ts 7ms
src/logger/transports/file.ts 5ms
src/logger/transports/index.ts 1ms
src/logger/util/create-template.ts 2ms
src/logger/util/format.ts 3ms
src/logger/util/index.ts 1ms
src/symbols/index.ts 1ms
src/symbols/injectable-key.ts 1ms
src/symbols/injection-key.ts 1ms
src/symbols/injection-scope.ts 1ms
src/types/ctor.ts 1ms
src/types/factory.ts 1ms
src/types/formatter.ts 2ms
src/types/index.ts 1ms
src/types/nullable.ts 1ms
src/types/provider.ts 2ms
src/types/token.ts 1ms
test/setup.js 8ms
tsconfig-cjs.json 2ms
tsconfig.json 1ms
