
> @syster42/web-core@0.0.1 format
> prettier --ignore-path .eslintignore --write "**/*.+(js|ts|json)"

__tests__/__mocks__/mock-controller.ts 215ms
__tests__/controller.spec.ts 36ms
__tests__/decorators.spec.ts 14ms
__tests__/middlewares.spec.ts 6ms
__tests__/tsconfig.json 47ms
package.json 5ms
src/controller.ts 50ms
src/decorators/accepts.ts 3ms
src/decorators/annotate.ts 7ms
src/decorators/controller.ts 5ms
src/decorators/index.ts 2ms
src/decorators/method.ts 5ms
src/decorators/route.ts 4ms
src/index.ts 2ms
src/interfaces/index.ts 2ms
src/interfaces/model.ts 4ms
src/interfaces/route-settings.ts 2ms
src/middlewares/index.ts 2ms
src/middlewares/routes.ts 10ms
src/model.ts 4ms
src/symbols/index.ts 2ms
src/symbols/middleware-call.ts 3ms
src/types/index.ts 3ms
src/types/method-annotation.ts 3ms
src/types/method-routes.ts 4ms
src/types/route-table.ts 3ms
src/util/controller-helper.ts 9ms
src/util/index.ts 1ms
src/util/inject-folder.ts 11ms
test/setup.js 9ms
tsconfig-cjs.json 2ms
tsconfig.json 2ms
